#
# A fatal error has been detected by the Java Runtime Environment:
#
#  EXCEPTION_ACCESS_VIOLATION (0xc0000005) at pc=0x000000005d14f5a5, pid=4208, tid=0x00000000000009b4
#
# JRE version: Java(TM) SE Runtime Environment (8.0_202-b08) (build 1.8.0_202-b08)
# Java VM: Java HotSpot(TM) 64-Bit Server VM (25.202-b08 mixed mode windows-amd64 compressed oops)
# Problematic frame:
# V  [jvm.dll+0xff5a5]
#
# Failed to write core dump. Minidumps are not enabled by default on client versions of Windows
#
# If you would like to submit a bug report, please visit:
#   http://bugreport.java.com/bugreport/crash.jsp
#

---------------  T H R E A D  ---------------

Current thread (0x0000000017b68000):  VMThread [stack: 0x0000000018c10000,0x0000000018d10000] [id=2484]

siginfo: ExceptionCode=0xc0000005, reading address 0x0000000000000008

Registers:
RAX=0x0000000000000000, RBX=0x00000000176000b0, RCX=0x0000000000000000, RDX=0x0000000000000000
RSP=0x0000000018d0f230, RBP=0x0000000000000000, RSI=0x000000005d865dd0, RDI=0x0000000018d0f510
R8 =0x0000000000000000, R9 =0x00000000176000b0, R10=0x0000000000000415, R11=0x00000000176008a0
R12=0x0000000000000001, R13=0x0000000000000001, R14=0x00000000000003d8, R15=0x0000000018d0f330
RIP=0x000000005d14f5a5, EFLAGS=0x0000000000010206

Top of Stack: (sp=0x0000000018d0f230)
0x0000000018d0f230:   0000000018d0f510 00000000032308da
0x0000000018d0f240:   0000f05b80e2e5d8 000000005d10277e
0x0000000018d0f250:   0000000018d0f2b0 000000005d14fa3f
0x0000000018d0f260:   0000000018d0f510 0000000018d0f380
0x0000000018d0f270:   0000f05b80e2e6f8 000000005d14fbb5
0x0000000018d0f280:   0000000018d0f340 0000000000000001
0x0000000018d0f290:   0000000018d0f350 0000000018d0f510
0x0000000018d0f2a0:   0000000018d0f380 000000005d1527d0
0x0000000018d0f2b0:   0000000000000000 0000000000000000
0x0000000018d0f2c0:   0000000018d0f350 000000005d14fa3f
0x0000000018d0f2d0:   0000000000000000 0000000018d0f380
0x0000000018d0f2e0:   0000000018d0f340 0000000000000006
0x0000000018d0f2f0:   0000000017600b00 000000005d15332f
0x0000000018d0f300:   0000000018d0f510 0000000018d0f380
0x0000000018d0f310:   0000000018f6bf40 0000000017600b00
0x0000000018d0f320:   000000000000001c 0000000000000000 

Instructions: (pc=0x000000005d14f5a5)
0x000000005d14f585:   8b d2 e8 54 7f ff ff 48 8b cb 8b d0 e8 5a 78 ff
0x000000005d14f595:   ff 48 8d 35 33 68 71 00 48 63 c8 48 8b 44 cb 50
0x000000005d14f5a5:   0f b6 48 08 8b 05 05 68 71 00 80 f9 4c 74 2b 80
0x000000005d14f5b5:   f9 5b 74 26 80 f9 4a 74 18 80 f9 44 74 13 48 8d 


Register to memory mapping:

RAX=0x0000000000000000 is an unknown value
RBX=0x00000000176000b0 is pointing into metadata
RCX=0x0000000000000000 is an unknown value
RDX=0x0000000000000000 is an unknown value
RSP=0x0000000018d0f230 is an unknown value
RBP=0x0000000000000000 is an unknown value
RSI=0x000000005d865dd0 is an unknown value
RDI=0x0000000018d0f510 is an unknown value
R8 =0x0000000000000000 is an unknown value
R9 =0x00000000176000b0 is pointing into metadata
R10=0x0000000000000415 is an unknown value
R11=0x00000000176008a0 is pointing into metadata
R12=0x0000000000000001 is an unknown value
R13=0x0000000000000001 is an unknown value
R14=0x00000000000003d8 is an unknown value
R15=0x0000000018d0f330 is an unknown value


Stack: [0x0000000018c10000,0x0000000018d10000],  sp=0x0000000018d0f230,  free space=1020k
Native frames: (J=compiled Java code, j=interpreted, Vv=VM code, C=native code)

VM_Operation (0x000000001960f460): GetOrSetLocal, mode: safepoint, requested by thread 0x0000000017bcc000


---------------  P R O C E S S  ---------------

Java Threads: ( => current thread )
  0x0000000018fca000 JavaThread "Service Thread" daemon [_thread_blocked, id=12272, stack(0x0000000019b10000,0x0000000019c10000)]
  0x0000000017bee000 JavaThread "C1 CompilerThread2" daemon [_thread_blocked, id=844, stack(0x0000000019a10000,0x0000000019b10000)]
  0x0000000017bed000 JavaThread "C2 CompilerThread1" daemon [_thread_blocked, id=6248, stack(0x0000000019910000,0x0000000019a10000)]
  0x0000000017bf4000 JavaThread "C2 CompilerThread0" daemon [_thread_blocked, id=13556, stack(0x0000000019810000,0x0000000019910000)]
  0x0000000017bda800 JavaThread "JDWP Command Reader" daemon [_thread_in_native, id=9388, stack(0x0000000019710000,0x0000000019810000)]
  0x0000000017bd7000 JavaThread "JDWP Event Helper Thread" daemon [_thread_blocked, id=12420, stack(0x0000000019610000,0x0000000019710000)]
  0x0000000017bcc000 JavaThread "JDWP Transport Listener: dt_socket" daemon [_thread_blocked, id=13160, stack(0x0000000019510000,0x0000000019610000)]
  0x0000000017bae800 JavaThread "Attach Listener" daemon [_thread_blocked, id=2940, stack(0x0000000019410000,0x0000000019510000)]
  0x0000000018f53800 JavaThread "Signal Dispatcher" daemon [_thread_blocked, id=13016, stack(0x0000000019310000,0x0000000019410000)]
  0x0000000003229000 JavaThread "Finalizer" daemon [_thread_blocked, id=5836, stack(0x0000000018e10000,0x0000000018f10000)]
  0x0000000017b8a800 JavaThread "Reference Handler" daemon [_thread_blocked, id=14292, stack(0x0000000018d10000,0x0000000018e10000)]
  0x0000000003133800 JavaThread "main" [_thread_blocked, id=13132, stack(0x0000000002f90000,0x0000000003090000)]

Other Threads:
=>0x0000000017b68000 VMThread [stack: 0x0000000018c10000,0x0000000018d10000] [id=2484]
  0x0000000018fcd000 WatcherThread [stack: 0x0000000019c10000,0x0000000019d10000] [id=8852]

VM state:at safepoint (normal execution)

VM Mutex/Monitor currently owned by a thread:  ([mutex/lock_event])
[0x0000000003130cd0] Threads_lock - owner thread: 0x0000000017b68000

heap address: 0x0000000084a00000, size: 1974 MB, Compressed Oops mode: 32-bit
Narrow klass base: 0x0000000000000000, Narrow klass shift: 3
Compressed class space size: 1073741824 Address: 0x0000000100000000

Heap:
 PSYoungGen      total 36864K, used 3174K [0x00000000d6e00000, 0x00000000d9700000, 0x0000000100000000)
  eden space 31744K, 10% used [0x00000000d6e00000,0x00000000d7119a60,0x00000000d8d00000)
  from space 5120K, 0% used [0x00000000d9200000,0x00000000d9200000,0x00000000d9700000)
  to   space 5120K, 0% used [0x00000000d8d00000,0x00000000d8d00000,0x00000000d9200000)
 ParOldGen       total 84992K, used 0K [0x0000000084a00000, 0x0000000089d00000, 0x00000000d6e00000)
  object space 84992K, 0% used [0x0000000084a00000,0x0000000084a00000,0x0000000089d00000)
 Metaspace       used 3612K, capacity 4676K, committed 4864K, reserved 1056768K
  class space    used 402K, capacity 428K, committed 512K, reserved 1048576K

Card table byte_map: [0x00000000125f0000,0x00000000129d0000] byte_map_base: 0x00000000121cb000

Marking Bits: (ParMarkBitMap*) 0x000000005d875ce0
 Begin Bits: [0x0000000013070000, 0x0000000014f48000)
 End Bits:   [0x0000000014f48000, 0x0000000016e20000)

Polling page: 0x0000000000f00000

CodeCache: size=245760Kb used=1206Kb max_used=1214Kb free=244553Kb
 bounds [0x0000000003230000, 0x00000000034a0000, 0x0000000012230000]
 total_blobs=316 nmethods=76 adapters=161
 compilation: enabled

Compilation events (10 events):
Event: 2.041 Thread 0x0000000017bee000   72       3       java.util.HashMap::afterNodeInsertion (1 bytes)
Event: 2.041 Thread 0x0000000017bee000 nmethod 72 0x000000000335ad10 code [0x000000000335ae60, 0x000000000335afb0]
Event: 2.044 Thread 0x0000000017bee000   73       3       java.util.concurrent.ConcurrentHashMap::spread (10 bytes)
Event: 2.045 Thread 0x0000000017bee000 nmethod 73 0x000000000335aa10 code [0x000000000335ab60, 0x000000000335acb0]
Event: 2.048 Thread 0x0000000017bee000   74       3       java.lang.ref.Reference::<init> (25 bytes)
Event: 2.048 Thread 0x0000000017bed000   75       4       java.lang.String::indexOf (70 bytes)
Event: 2.048 Thread 0x0000000017bee000 nmethod 74 0x000000000335a590 code [0x000000000335a700, 0x000000000335a950]
Event: 2.048 Thread 0x0000000017bee000   76       3       java.lang.String::endsWith (17 bytes)
Event: 2.048 Thread 0x0000000017bee000 nmethod 76 0x000000000335a0d0 code [0x000000000335a240, 0x000000000335a488]
Event: 2.051 Thread 0x0000000017bed000 nmethod 75 0x0000000003359c90 code [0x0000000003359de0, 0x0000000003359fb8]

GC Heap History (0 events):
No events

Deoptimization events (0 events):
No events

Classes redefined (3 events):
Event: 99.314 Thread 0x0000000017b68000 redefined class name=com.house.Dao.MatrixChain, count=1
Event: 238.066 Thread 0x0000000017b68000 redefined class name=com.house.Dao.MatrixChain, count=2
Event: 329.707 Thread 0x0000000017b68000 redefined class name=com.house.Dao.MatrixChain, count=3

Internal exceptions (6 events):
Event: 0.246 Thread 0x0000000003133800 Exception <a 'java/lang/NoSuchMethodError': Method sun.misc.Unsafe.defineClass(Ljava/lang/String;[BII)Ljava/lang/Class; name or signature does not match> (0x00000000d6e07cb0) thrown at [C:\re\workspace\8-2-build-windows-amd64-cygwin\jdk8u202\12323\hotspot
Event: 0.246 Thread 0x0000000003133800 Exception <a 'java/lang/NoSuchMethodError': Method sun.misc.Unsafe.prefetchRead(Ljava/lang/Object;J)V name or signature does not match> (0x00000000d6e07f98) thrown at [C:\re\workspace\8-2-build-windows-amd64-cygwin\jdk8u202\12323\hotspot\src\share\vm\prim
Event: 1.991 Thread 0x0000000003133800 Exception <a 'java/security/PrivilegedActionException'> (0x00000000d6f11a00) thrown at [C:\re\workspace\8-2-build-windows-amd64-cygwin\jdk8u202\12323\hotspot\src\share\vm\prims\jvm.cpp, line 1502]
Event: 1.991 Thread 0x0000000003133800 Exception <a 'java/security/PrivilegedActionException'> (0x00000000d6f11df8) thrown at [C:\re\workspace\8-2-build-windows-amd64-cygwin\jdk8u202\12323\hotspot\src\share\vm\prims\jvm.cpp, line 1502]
Event: 1.992 Thread 0x0000000003133800 Exception <a 'java/security/PrivilegedActionException'> (0x00000000d6f15ef0) thrown at [C:\re\workspace\8-2-build-windows-amd64-cygwin\jdk8u202\12323\hotspot\src\share\vm\prims\jvm.cpp, line 1502]
Event: 1.992 Thread 0x0000000003133800 Exception <a 'java/security/PrivilegedActionException'> (0x00000000d6f162e8) thrown at [C:\re\workspace\8-2-build-windows-amd64-cygwin\jdk8u202\12323\hotspot\src\share\vm\prims\jvm.cpp, line 1502]

Events (10 events):
Event: 329.707 Executing VM operation: RedefineClasses done
Event: 329.858 Executing VM operation: ChangeBreakpoints
Event: 329.858 Executing VM operation: ChangeBreakpoints done
Event: 329.860 Executing VM operation: ChangeBreakpoints
Event: 329.860 Executing VM operation: ChangeBreakpoints done
Event: 329.860 Executing VM operation: ChangeBreakpoints
Event: 329.860 Executing VM operation: ChangeBreakpoints done
Event: 329.861 Executing VM operation: ChangeBreakpoints
Event: 329.861 Executing VM operation: ChangeBreakpoints done
Event: 329.961 Executing VM operation: GetOrSetLocal


Dynamic libraries:
0x00007ff6f13e0000 - 0x00007ff6f1417000 	C:\Program Files\Java\jdk1.8.0_202\bin\java.exe
0x00007ffb7b7c0000 - 0x00007ffb7b9ad000 	C:\WINDOWS\SYSTEM32\ntdll.dll
0x00007ffb78a50000 - 0x00007ffb78b03000 	C:\WINDOWS\System32\KERNEL32.DLL
0x00007ffb77b70000 - 0x00007ffb77e03000 	C:\WINDOWS\System32\KERNELBASE.dll
0x00007ffb7a3d0000 - 0x00007ffb7a473000 	C:\WINDOWS\System32\ADVAPI32.dll
0x00007ffb7b6f0000 - 0x00007ffb7b78e000 	C:\WINDOWS\System32\msvcrt.dll
0x00007ffb7a620000 - 0x00007ffb7a6be000 	C:\WINDOWS\System32\sechost.dll
0x00007ffb7ad30000 - 0x00007ffb7ae52000 	C:\WINDOWS\System32\RPCRT4.dll
0x00007ffb7a480000 - 0x00007ffb7a617000 	C:\WINDOWS\System32\USER32.dll
0x00007ffb779a0000 - 0x00007ffb779c0000 	C:\WINDOWS\System32\win32u.dll
0x00007ffb7a760000 - 0x00007ffb7a789000 	C:\WINDOWS\System32\GDI32.dll
0x00007ffb77e10000 - 0x00007ffb77faa000 	C:\WINDOWS\System32\gdi32full.dll
0x00007ffb778e0000 - 0x00007ffb77980000 	C:\WINDOWS\System32\msvcp_win.dll
0x00007ffb779c0000 - 0x00007ffb77aba000 	C:\WINDOWS\System32\ucrtbase.dll
0x00007ffb6a1c0000 - 0x00007ffb6a439000 	C:\WINDOWS\WinSxS\amd64_microsoft.windows.common-controls_6595b64144ccf1df_6.0.17763.437_none_05b63dca071e5dd6\COMCTL32.dll
0x00007ffb7aa00000 - 0x00007ffb7ad2c000 	C:\WINDOWS\System32\combase.dll
0x00007ffb77fb0000 - 0x00007ffb7802e000 	C:\WINDOWS\System32\bcryptPrimitives.dll
0x00007ffb7ae60000 - 0x00007ffb7ae8e000 	C:\WINDOWS\System32\IMM32.DLL
0x000000005d900000 - 0x000000005d9d2000 	C:\Program Files\Java\jdk1.8.0_202\jre\bin\msvcr100.dll
0x000000005d050000 - 0x000000005d8f5000 	C:\Program Files\Java\jdk1.8.0_202\jre\bin\server\jvm.dll
0x00007ffb7a750000 - 0x00007ffb7a758000 	C:\WINDOWS\System32\PSAPI.DLL
0x00007ffb698b0000 - 0x00007ffb698b9000 	C:\WINDOWS\SYSTEM32\WSOCK32.dll
0x00007ffb73030000 - 0x00007ffb73054000 	C:\WINDOWS\SYSTEM32\WINMM.dll
0x00007ffb6d980000 - 0x00007ffb6d98a000 	C:\WINDOWS\SYSTEM32\VERSION.dll
0x00007ffb7b680000 - 0x00007ffb7b6ed000 	C:\WINDOWS\System32\WS2_32.dll
0x00007ffb73000000 - 0x00007ffb7302d000 	C:\WINDOWS\SYSTEM32\winmmbase.dll
0x00007ffb77890000 - 0x00007ffb778da000 	C:\WINDOWS\System32\cfgmgr32.dll
0x00007ffb72a20000 - 0x00007ffb72a2f000 	C:\Program Files\Java\jdk1.8.0_202\jre\bin\verify.dll
0x00007ffb6b950000 - 0x00007ffb6b979000 	C:\Program Files\Java\jdk1.8.0_202\jre\bin\java.dll
0x00007ffb60db0000 - 0x00007ffb60de5000 	C:\Program Files\Java\jdk1.8.0_202\jre\bin\jdwp.dll
0x00007ffb6c5b0000 - 0x00007ffb6c5b8000 	C:\Program Files\Java\jdk1.8.0_202\jre\bin\npt.dll
0x00007ffb6b8f0000 - 0x00007ffb6b906000 	C:\Program Files\Java\jdk1.8.0_202\jre\bin\zip.dll
0x00007ffb78d70000 - 0x00007ffb7a260000 	C:\WINDOWS\System32\SHELL32.dll
0x00007ffb78cc0000 - 0x00007ffb78d68000 	C:\WINDOWS\System32\shcore.dll
0x00007ffb782a0000 - 0x00007ffb789ea000 	C:\WINDOWS\System32\windows.storage.dll
0x00007ffb77860000 - 0x00007ffb77884000 	C:\WINDOWS\System32\profapi.dll
0x00007ffb77800000 - 0x00007ffb7785d000 	C:\WINDOWS\System32\powrprof.dll
0x00007ffb7a790000 - 0x00007ffb7a7e2000 	C:\WINDOWS\System32\shlwapi.dll
0x00007ffb777e0000 - 0x00007ffb777f1000 	C:\WINDOWS\System32\kernel.appcore.dll
0x00007ffb77980000 - 0x00007ffb77997000 	C:\WINDOWS\System32\cryptsp.dll
0x00007ffb6b8e0000 - 0x00007ffb6b8e9000 	C:\Program Files\Java\jdk1.8.0_202\jre\bin\dt_socket.dll
0x00007ffb77040000 - 0x00007ffb770a7000 	C:\WINDOWS\system32\mswsock.dll
0x00007ffb706b0000 - 0x00007ffb7089d000 	C:\WINDOWS\SYSTEM32\dbghelp.dll

VM Arguments:
jvm_args: -agentlib:jdwp=transport=dt_socket,address=127.0.0.1:64731,suspend=y,server=n -Dfile.encoding=UTF-8 
java_command: com.house.Dao.MatrixChain
java_class_path (initial): C:\Program Files\Java\jdk1.8.0_202\jre\lib\charsets.jar;C:\Program Files\Java\jdk1.8.0_202\jre\lib\deploy.jar;C:\Program Files\Java\jdk1.8.0_202\jre\lib\ext\access-bridge-64.jar;C:\Program Files\Java\jdk1.8.0_202\jre\lib\ext\cldrdata.jar;C:\Program Files\Java\jdk1.8.0_202\jre\lib\ext\dnsns.jar;C:\Program Files\Java\jdk1.8.0_202\jre\lib\ext\jaccess.jar;C:\Program Files\Java\jdk1.8.0_202\jre\lib\ext\jfxrt.jar;C:\Program Files\Java\jdk1.8.0_202\jre\lib\ext\localedata.jar;C:\Program Files\Java\jdk1.8.0_202\jre\lib\ext\nashorn.jar;C:\Program Files\Java\jdk1.8.0_202\jre\lib\ext\sunec.jar;C:\Program Files\Java\jdk1.8.0_202\jre\lib\ext\sunjce_provider.jar;C:\Program Files\Java\jdk1.8.0_202\jre\lib\ext\sunmscapi.jar;C:\Program Files\Java\jdk1.8.0_202\jre\lib\ext\sunpkcs11.jar;C:\Program Files\Java\jdk1.8.0_202\jre\lib\ext\zipfs.jar;C:\Program Files\Java\jdk1.8.0_202\jre\lib\javaws.jar;C:\Program Files\Java\jdk1.8.0_202\jre\lib\jce.jar;C:\Program Files\Java\jdk1.8.0_202\jre\lib\jfr.jar;C:\Program Files\Java\jdk1.8.0_202\jre\lib\jfxswt.jar;C:\Program Files\Java\jdk1.8.0_202\jre\lib\jsse.jar;C:\Program Files\Java\jdk1.8.0_202\jre\lib\management-agent.jar;C:\Program Files\Java\jdk1.8.0_202\jre\lib\plugin.jar;C:\Program Files\Java\jdk1.8.0_202\jre\lib\resources.jar;C:\Program Files\Java\jdk1.8.0_202\jre\lib\rt.jar;G:\HOUSE\target\classes;E:\maven\localWare\org\springframework\spring-webmvc\4.3.20.RELEASE\spring-webmvc-4.3.20.RELEASE.jar;E:\maven\localWare\org\springframework\spring-aop\4.3.20.RELEASE\spring-aop-4.3.20.RELEASE.jar;E:\maven\localWare\org\springframework\spring-beans\4.3.20.RELEASE\spring-beans-4.3.20.RELEASE.jar;E:\maven\localWare\org\springframework\spring-context\4.3.20.RELEASE\spring-context-4.3.20.RELEASE.jar;E:\maven\localWare\org\springframework\spring-core\4.3.20.RELEASE\spring-core-4.3.20.RELEASE.jar;E:\maven\localWare\commons-logging\commons-logging\1.2\commons-logging-1.2.jar;E:\maven\localWare\org\springframework\spring-expre
Launcher Type: SUN_STANDARD

Environment Variables:
JAVA_HOME=C:\Program Files\Java\jdk1.8.0_202
CLASSPATH=.;JAVA_HOME%\lib\dt.jar;C:\Program Files\Java\jdk1.8.0_202\lib\tools.jar;G:\apache-tomcat-9.0.17\lib\servlet-api.jar;
PATH=C:\Program Files (x86)\Common Files\Oracle\Java\javapath;C:\ProgramData\Oracle\Java\javapath;C:\WINDOWS\system32;C:\WINDOWS;C:\WINDOWS\System32\Wbem;C:\WINDOWS\System32\WindowsPowerShell\v1.0\;C:\WINDOWS\System32\OpenSSH\;C:\Program Files\Java\jdk1.8.0_202\bin;G:\mysql\mysql-5.7.11-winx64\bin;E:\maven\apache-maven-3.6.0\bin;G:\apache-tomcat-9.0.17\bin;G:\apache-tomcat-9.0.17\lib;C:\Users\Administrator.PC-201903101500\AppData\Local\Microsoft\WindowsApps;;G:\IntelliJ IDEA 2018.3.5\bin;;G:\Microsoft VS Code\bin
USERNAME=Administrator
OS=Windows_NT
PROCESSOR_IDENTIFIER=Intel64 Family 6 Model 78 Stepping 3, GenuineIntel



---------------  S Y S T E M  ---------------

OS: Windows 10.0 , 64 bit Build 17763 (10.0.17763.437)

CPU:total 4 (initial active 4) (2 cores per cpu, 2 threads per core) family 6 model 78 stepping 3, cmov, cx8, fxsr, mmx, sse, sse2, sse3, ssse3, sse4.1, sse4.2, popcnt, avx, avx2, aes, clmul, erms, 3dnowpref, lzcnt, ht, tsc, tscinvbit, bmi1, bmi2, adx

Memory: 4k page, physical 8082972k(3649808k free), swap 8934940k(1490540k free)

vm_info: Java HotSpot(TM) 64-Bit Server VM (25.202-b08) for windows-amd64 JRE (1.8.0_202-b08), built on Dec 15 2018 19:54:30 by "java_re" with MS VC++ 10.0 (VS2010)

time: Fri Apr 12 14:23:33 2019
timezone: 中国标准时间
elapsed time: 330 seconds (0d 0h 5m 30s)

